*********************************************************************************************************start
By CHINAMI-JBU9G23
2024年12月8日  22:11:40

操作系统:  Windows 11  (10.0.22621) 64bit
系统内存大小:  32544
设备模型:  MS-7D94 (Micro-Star International Co., Ltd.)
设备唯一标识符:  9f6428c0edde7502a5a7f860e890938052a694a5
处理器数量:  24
处理器类型:  13th Gen Intel(R) Core(TM) i7-13700K
显卡标识符:  9476
显卡名称:  NVIDIA GeForce RTX 3060
显卡标识符:  4318
显卡厂商:  NVIDIA
显卡版本:  Direct3D 11.0 [level 11.1]
显存大小:  12115
显卡着色器级别:  50
是否图像效果:  True
是否支持内置阴影:  True
*********************************************************************************************************end
LogInfo:

[I]22:11:40.158 Boar
[I]22:11:46.071 isWait:True
[I]22:11:46.091 isWait:True
[I]22:11:46.112 isWait:True
[I]22:11:46.130 isWait:True
[I]22:11:46.149 isWait:True
[I]22:11:46.185 isWait:True
[I]22:11:46.189 isWait:True
[I]22:11:46.215 isWait:True
[I]22:11:46.233 isWait:True
[I]22:11:46.252 isWait:True
[I]22:11:46.270 isWait:True
[I]22:11:46.287 isWait:True
[I]22:11:46.329 isWait:True
[I]22:11:46.330 isWait:True
[I]22:11:46.365 isWait:True
[I]22:11:46.384 isWait:True
[I]22:11:46.404 isWait:True
[I]22:11:46.423 isWait:True
[I]22:11:46.441 isWait:True
[I]22:11:46.459 isWait:True
[I]22:11:46.478 isWait:True
[I]22:11:46.498 isWait:True
[I]22:11:46.516 isWait:True
[I]22:11:46.540 isWait:True
[I]22:11:46.557 isWait:True
[I]22:11:46.576 isWait:True
[I]22:11:46.594 isWait:True
[I]22:11:46.613 isWait:True
[I]22:11:46.631 isWait:True
[I]22:11:46.650 isWait:True
[I]22:11:46.669 isWait:True
[I]22:11:46.704 isWait:True
[I]22:11:46.723 isWait:True
[I]22:11:46.747 isWait:True
[I]22:11:46.765 isWait:True
[I]22:11:46.784 isWait:True
[I]22:11:46.803 isWait:True
[I]22:11:46.823 isWait:True
[I]22:11:46.842 isWait:True
[I]22:11:46.860 isWait:True
[I]22:11:46.879 isWait:True
[I]22:11:46.898 isWait:True
[I]22:11:46.918 isWait:True
[I]22:11:46.937 isWait:True
[I]22:11:46.961 isWait:True
[I]22:11:46.980 isWait:True
[I]22:11:46.999 isWait:True
[I]22:11:47.017 isWait:True
[I]22:11:47.038 isWait:True
[I]22:11:47.057 isWait:True
[I]22:11:47.076 isWait:True
[I]22:11:47.095 isWait:True
[I]22:11:47.115 isWait:True
[I]22:11:47.134 isWait:True
[I]22:11:47.153 isWait:True
[I]22:11:47.177 isWait:True
[I]22:11:47.195 isWait:True
[I]22:11:47.216 isWait:True
[I]22:11:47.234 isWait:True
[I]22:11:47.253 isWait:True
[I]22:11:47.272 isWait:True
[I]22:11:47.291 isWait:True
[I]22:11:47.311 isWait:True
[I]22:11:47.329 isWait:True
[I]22:11:47.348 isWait:True
[I]22:11:47.387 isWait:True
[I]22:11:47.389 isWait:True
[I]22:11:47.419 isWait:True
[I]22:11:47.437 isWait:True
[I]22:11:47.455 isWait:True
[I]22:11:47.474 isWait:True
[I]22:11:47.492 isWait:True
[I]22:11:47.512 isWait:True
[I]22:11:47.531 isWait:True
[I]22:11:47.549 isWait:True
[I]22:11:47.589 isWait:True
[I]22:11:47.589 isWait:True
[I]22:11:47.609 isWait:True
[I]22:11:47.645 isWait:True
[I]22:11:47.664 isWait:True
[I]22:11:47.683 isWait:True
[I]22:11:47.701 isWait:True
[I]22:11:47.720 isWait:True
[I]22:11:47.737 isWait:True
[I]22:11:47.756 isWait:True
[I]22:11:47.775 isWait:True
[I]22:11:47.798 isWait:True
[I]22:11:47.816 isWait:True
[I]22:11:47.835 isWait:True
[I]22:11:47.855 isWait:True
[I]22:11:47.874 isWait:True
[I]22:11:47.894 isWait:True
[I]22:11:47.912 isWait:True
[I]22:11:47.930 isWait:True
[I]22:11:47.948 isWait:True
[I]22:11:47.984 isWait:True
[I]22:11:48.007 isWait:True
[I]22:11:48.025 isWait:True
[I]22:11:48.045 isWait:True
[I]22:11:48.062 isWait:True
[I]22:11:48.081 isWait:True
[I]22:11:54.010 isWait:True
[I]22:11:54.034 isWait:True
[I]22:11:54.053 isWait:True
[I]22:11:54.073 isWait:True
[I]22:11:54.091 isWait:True
[I]22:11:54.109 isWait:True
[I]22:11:54.145 isWait:True
[I]22:11:54.164 isWait:True
[I]22:11:54.183 isWait:True
[I]22:11:54.205 isWait:True
[I]22:11:54.224 isWait:True
[I]22:11:54.243 isWait:True
[I]22:11:54.260 isWait:True
[I]22:11:54.280 isWait:True
[I]22:11:54.298 isWait:True
[I]22:11:54.317 isWait:True
[I]22:11:54.336 isWait:True
[I]22:11:54.355 isWait:True
[I]22:11:54.374 isWait:True
[I]22:11:54.393 isWait:True
[I]22:11:54.416 isWait:True
[I]22:11:54.434 isWait:True
[I]22:11:54.452 isWait:True
[I]22:11:54.471 isWait:True
[I]22:11:54.489 isWait:True
[I]22:11:54.526 isWait:True
[I]22:11:54.544 isWait:True
[I]22:11:54.564 isWait:True
[I]22:11:54.582 isWait:True
[I]22:11:54.601 isWait:True
[I]22:11:54.624 isWait:True
[I]22:11:54.642 isWait:True
[I]22:11:54.661 isWait:True
[I]22:11:54.680 isWait:True
[I]22:11:54.698 isWait:True
[I]22:11:54.718 isWait:True
[I]22:11:54.736 isWait:True
[I]22:11:54.756 isWait:True
[I]22:11:54.775 isWait:True
[I]22:11:54.794 isWait:True
[I]22:11:54.812 isWait:True
[I]22:11:54.835 isWait:True
[I]22:11:54.854 isWait:True
[I]22:11:54.871 isWait:True
[I]22:11:54.891 isWait:True
[I]22:11:54.910 isWait:True
[I]22:11:54.927 isWait:True
[I]22:11:54.965 isWait:True
[I]22:11:54.970 isWait:True
[I]22:11:54.995 isWait:True
[I]22:11:55.013 isWait:True
[I]22:11:55.036 isWait:True
[I]22:11:55.054 isWait:True
[I]22:11:55.073 isWait:True
[I]22:11:55.092 isWait:True
[I]22:11:55.110 isWait:True
[I]22:11:55.128 isWait:True
[I]22:11:55.166 isWait:True
[I]22:11:55.168 isWait:True
[I]22:11:55.196 isWait:True
[I]22:11:55.214 isWait:True
[I]22:11:55.238 isWait:True
[I]22:11:55.256 isWait:True
[I]22:11:55.275 isWait:True
[I]22:11:55.294 isWait:True
[I]22:11:55.313 isWait:True
[I]22:11:55.331 isWait:True
[I]22:11:55.350 isWait:True
[I]22:11:55.369 isWait:True
[I]22:11:55.404 isWait:True
[I]22:11:55.409 isWait:True
[I]22:11:55.439 isWait:True
[I]22:11:55.457 isWait:True
[I]22:11:55.476 isWait:True
[I]22:11:55.495 isWait:True
[I]22:11:55.514 isWait:True
[I]22:11:55.532 isWait:True
[I]22:11:55.551 isWait:True
[I]22:11:55.570 isWait:True
[I]22:11:55.589 isWait:True
[I]22:11:55.624 isWait:True
[I]22:11:55.648 isWait:True
[I]22:11:55.666 isWait:True
[I]22:11:55.684 isWait:True
[I]22:11:55.702 isWait:True
[I]22:11:55.720 isWait:True
[I]22:11:55.739 isWait:True
[I]22:11:55.758 isWait:True
[I]22:11:55.777 isWait:True
[I]22:11:55.797 isWait:True
[I]22:11:55.815 isWait:True
[I]22:11:55.833 isWait:True
[I]22:11:55.857 isWait:True
[I]22:11:55.874 isWait:True
[I]22:11:55.892 isWait:True
[I]22:11:55.912 isWait:True
[I]22:11:55.931 isWait:True
[I]22:11:55.948 isWait:True
[I]22:11:55.984 isWait:True
[I]22:11:55.989 isWait:True
[I]22:11:56.015 isWait:True
[I]22:11:56.033 isWait:True
[I]22:11:56.052 isWait:True
[I]22:11:56.075 isWait:True
[I]22:11:56.093 isWait:True
[I]22:11:56.113 isWait:True
[I]22:11:56.132 isWait:True
[I]22:11:56.150 isWait:True
[I]22:11:56.168 isWait:True
[I]22:11:56.189 isWait:True
[I]22:11:56.226 isWait:True
[I]22:11:56.244 isWait:True
[I]22:11:56.262 isWait:True
[I]22:11:56.284 isWait:True
[I]22:11:56.304 isWait:True
[I]22:11:56.322 isWait:True
[I]22:11:56.341 isWait:True
[I]22:11:56.360 isWait:True
[I]22:11:56.378 isWait:True
[I]22:11:56.396 isWait:True
[I]22:11:56.415 isWait:True
[I]22:11:56.433 isWait:True
[I]22:11:56.452 isWait:True
[I]22:11:56.470 isWait:True
[I]22:11:56.493 isWait:True
[I]22:11:56.513 isWait:True
[I]22:11:56.531 isWait:True
[I]22:11:56.550 isWait:True
[I]22:11:56.568 isWait:True
[I]22:11:56.587 isWait:True
[I]22:11:56.624 isWait:True
[I]22:11:56.642 isWait:True
[I]22:11:56.660 isWait:True
[I]22:11:56.679 isWait:True
[I]22:11:56.701 isWait:True
[I]22:11:56.720 isWait:True
[I]22:11:56.738 isWait:True
[I]22:11:56.758 isWait:True
[I]22:11:56.776 isWait:True
[I]22:11:56.794 isWait:True
[I]22:11:56.814 isWait:True
[I]22:11:56.833 isWait:True
[I]22:11:56.852 isWait:True
[I]22:11:56.871 isWait:True
[I]22:11:56.890 isWait:True
[I]22:11:56.914 isWait:True
[I]22:11:56.933 isWait:True
[I]22:11:56.952 isWait:True
[I]22:11:56.971 isWait:True
[I]22:11:56.990 isWait:True
[I]22:11:57.009 isWait:True
[I]22:11:57.028 isWait:True
[I]22:11:57.048 isWait:True
[I]22:11:57.085 isWait:True
[I]22:11:57.104 isWait:True
[I]22:11:57.129 isWait:True
[I]22:11:57.129 isWait:True
[I]22:11:57.165 isWait:True
[I]22:11:57.184 isWait:True
[I]22:11:57.204 isWait:True
[I]22:11:57.222 isWait:True
[I]22:11:57.242 isWait:True
[I]22:11:57.261 isWait:True
[I]22:11:57.281 isWait:True
[I]22:11:57.300 isWait:True
[I]22:11:57.320 isWait:True
[I]22:11:57.343 isWait:True
[I]22:11:57.361 isWait:True
[I]22:11:57.381 isWait:True
[I]22:11:57.400 isWait:True
[I]22:11:57.418 isWait:True
[I]22:11:57.436 isWait:True
[I]22:11:57.455 isWait:True
[I]22:11:57.474 isWait:True
[I]22:11:57.492 isWait:True
[I]22:11:57.510 isWait:True
[I]22:11:57.529 isWait:True
[I]22:11:57.552 isWait:True
[I]22:11:57.569 isWait:True
[I]22:11:57.589 isWait:True
[I]22:11:57.625 isWait:True
[I]22:11:57.644 isWait:True
[I]22:11:57.662 isWait:True
[I]22:11:57.681 isWait:True
[I]22:11:57.700 isWait:True
[I]22:11:57.718 isWait:True
[I]22:11:57.737 isWait:True
[I]22:11:57.759 isWait:True
[I]22:11:57.778 isWait:True
[I]22:11:57.797 isWait:True
[I]22:11:57.816 isWait:True
[I]22:11:57.834 isWait:True
[I]22:11:57.853 isWait:True
[I]22:11:57.871 isWait:True
[I]22:11:57.890 isWait:True
[I]22:11:57.925 isWait:True
[I]22:11:57.943 isWait:True
[I]22:11:57.966 isWait:True
[I]22:11:57.984 isWait:True
[I]22:11:58.003 isWait:True
[I]22:11:58.022 isWait:True
[I]22:11:58.040 isWait:True
[I]22:11:58.060 isWait:True
[I]22:11:58.079 isWait:True
[I]22:11:58.096 isWait:True
[I]22:11:58.115 isWait:True
[I]22:11:58.134 isWait:True
[I]22:11:58.152 isWait:True
[I]22:11:58.175 isWait:True
[I]22:11:58.195 isWait:True
[I]22:11:58.213 isWait:True
[I]22:11:58.232 isWait:True
[I]22:11:58.251 isWait:True
[I]22:11:58.270 isWait:True
[I]22:11:58.289 isWait:True
[I]22:11:58.326 isWait:True
[I]22:11:58.329 isWait:True
[I]22:11:58.357 isWait:True
[I]22:11:58.380 isWait:True
[I]22:11:58.399 isWait:True
[I]22:11:58.417 isWait:True
[I]22:11:58.437 isWait:True
[I]22:11:58.455 isWait:True
[I]22:11:58.474 isWait:True
[I]22:11:58.493 isWait:True
[I]22:11:58.512 isWait:True
[I]22:11:58.531 isWait:True
[I]22:11:58.549 isWait:True
[I]22:11:58.568 isWait:True
[I]22:11:58.591 isWait:True
[I]22:11:58.610 isWait:True
[I]22:11:58.628 isWait:True
[I]22:11:58.664 isWait:True
[I]22:11:58.682 isWait:True
[I]22:11:58.700 isWait:True
[I]22:11:58.719 isWait:True
[I]22:11:58.738 isWait:True
[I]22:11:58.756 isWait:True
[I]22:11:58.775 isWait:True
[I]22:11:58.799 isWait:True
[I]22:11:58.818 isWait:True
[I]22:11:58.837 isWait:True
[I]22:11:58.856 isWait:True
[I]22:11:58.875 isWait:True
[I]22:11:58.895 isWait:True
[I]22:11:58.914 isWait:True
[I]22:11:58.933 isWait:True
[I]22:11:58.952 isWait:True
[I]22:11:58.970 isWait:True
[I]22:11:58.989 isWait:True
[I]22:11:59.011 isWait:True
[I]22:11:59.031 isWait:True
[I]22:11:59.050 isWait:True
[I]22:11:59.068 isWait:True
[I]22:11:59.103 isWait:True
[I]22:11:59.108 isWait:True
[I]22:11:59.136 isWait:True
[I]22:11:59.154 isWait:True
[I]22:11:59.173 isWait:True
[I]22:11:59.193 isWait:True
[I]22:11:59.219 isWait:True
[I]22:11:59.241 isWait:True
[I]22:11:59.261 isWait:True
[I]22:11:59.280 isWait:True
[I]22:11:59.299 isWait:True
[I]22:11:59.318 isWait:True
[I]22:11:59.337 isWait:True
[I]22:11:59.356 isWait:True
[I]22:11:59.374 isWait:True
[I]22:11:59.394 isWait:True
[I]22:11:59.417 isWait:True
[I]22:11:59.436 isWait:True
[I]22:11:59.456 isWait:True
[I]22:11:59.475 isWait:True
[I]22:11:59.494 isWait:True
[I]22:11:59.517 isWait:True
[I]22:11:59.538 isWait:True
[I]22:11:59.560 isWait:True
[I]22:11:59.579 isWait:True
[I]22:11:59.597 isWait:True
[I]22:11:59.621 isWait:True
[I]22:11:59.639 isWait:True
[I]22:11:59.666 isWait:True
[I]22:11:59.687 isWait:True
[I]22:11:59.705 isWait:True
[I]22:11:59.724 isWait:True
[I]22:11:59.748 isWait:True
[I]22:11:59.748 isWait:True
[W]
[W]
[W]
[W]
[W]
[W]
[W]
[W]
