*********************************************************************************************************start
By CHINAMI-JBU9G23
2024年11月18日  21:56:20

操作系统:  Windows 11  (10.0.22621) 64bit
系统内存大小:  32544
设备模型:  MS-7D94 (Micro-Star International Co., Ltd.)
设备唯一标识符:  9f6428c0edde7502a5a7f860e890938052a694a5
处理器数量:  24
处理器类型:  13th Gen Intel(R) Core(TM) i7-13700K
显卡标识符:  9476
显卡名称:  NVIDIA GeForce RTX 3060
显卡标识符:  4318
显卡厂商:  NVIDIA
显卡版本:  Direct3D 11.0 [level 11.1]
显存大小:  12115
显卡着色器级别:  50
是否图像效果:  True
是否支持内置阴影:  True
*********************************************************************************************************end
LogInfo:

[W]
