*********************************************************************************************************start
By CHINAMI-JBU9G23
2024年11月7日  22:39:54

操作系统:  Windows 11  (10.0.22621) 64bit
系统内存大小:  32544
设备模型:  MS-7D94 (Micro-Star International Co., Ltd.)
设备唯一标识符:  9f6428c0edde7502a5a7f860e890938052a694a5
处理器数量:  24
处理器类型:  13th Gen Intel(R) Core(TM) i7-13700K
显卡标识符:  9476
显卡名称:  NVIDIA GeForce RTX 3060
显卡标识符:  4318
显卡厂商:  NVIDIA
显卡版本:  Direct3D 11.0 [level 11.1]
显存大小:  12115
显卡着色器级别:  50
是否图像效果:  True
是否支持内置阴影:  True
*********************************************************************************************************end
LogInfo:

[I]22:39:54.981 测试日志
[I]22:39:55.660 测试日志
[I]22:39:55.721 测试日志
[I]22:39:55.721 测试日志
[I]22:39:55.721 测试日志
[I]22:39:55.741 测试日志
[I]22:39:55.762 测试日志
[I]22:39:55.783 测试日志
[I]22:39:55.802 测试日志
[I]22:39:55.821 测试日志
[I]22:39:55.841 测试日志
[I]22:39:55.863 测试日志
[I]22:39:55.880 测试日志
[I]22:39:55.902 测试日志
[I]22:39:55.921 测试日志
[I]22:39:55.940 测试日志
[I]22:39:55.961 测试日志
[I]22:39:55.980 测试日志
[I]22:39:56.002 测试日志
[I]22:39:56.021 测试日志
[I]22:39:56.041 测试日志
[I]22:39:56.062 测试日志
[I]22:39:56.080 测试日志
[I]22:39:56.106 测试日志
[I]22:39:56.122 测试日志
[I]22:39:56.142 测试日志
[I]22:39:56.161 测试日志
[I]22:39:56.181 测试日志
[I]22:39:56.201 测试日志
[I]22:39:56.222 测试日志
[I]22:39:56.240 测试日志
[I]22:39:56.261 测试日志
[I]22:39:56.280 测试日志
[I]22:39:56.300 测试日志
[I]22:39:56.322 测试日志
[I]22:39:56.341 测试日志
[I]22:39:56.362 测试日志
[I]22:39:56.381 测试日志
[I]22:39:56.402 测试日志
[I]22:39:56.421 测试日志
[I]22:39:56.439 测试日志
[I]22:39:56.462 测试日志
[I]22:39:56.481 测试日志
[I]22:39:56.501 测试日志
[I]22:39:56.519 测试日志
[I]22:39:56.541 测试日志
[I]22:39:56.560 测试日志
[I]22:39:56.580 测试日志
[I]22:39:56.604 测试日志
[I]22:39:56.621 测试日志
[I]22:39:56.640 测试日志
[I]22:39:56.662 测试日志
[I]22:39:56.681 测试日志
[I]22:39:56.700 测试日志
[I]22:39:56.720 测试日志
[I]22:39:56.741 测试日志
[I]22:39:56.760 测试日志
[I]22:39:56.781 测试日志
[I]22:39:56.801 测试日志
[I]22:39:56.822 测试日志
[I]22:39:56.840 测试日志
[I]22:39:56.862 测试日志
[I]22:39:56.880 测试日志
[I]22:39:56.899 测试日志
[I]22:39:56.921 测试日志
[I]22:39:56.940 测试日志
[I]22:39:56.962 测试日志
[I]22:39:56.980 测试日志
[I]22:39:57.001 测试日志
[I]22:39:57.020 测试日志
[I]22:39:57.041 测试日志
[I]22:39:57.060 测试日志
[I]22:39:57.081 测试日志
[I]22:39:57.105 测试日志
[I]22:39:57.120 测试日志
[I]22:39:57.140 测试日志
[I]22:39:57.162 测试日志
[I]22:39:57.181 测试日志
[I]22:39:57.201 测试日志
[I]22:39:57.221 测试日志
[I]22:39:57.241 测试日志
[I]22:39:57.262 测试日志
[I]22:39:57.280 测试日志
[I]22:39:57.300 测试日志
[I]22:39:57.319 测试日志
[I]22:39:57.341 测试日志
[I]22:39:57.361 测试日志
[I]22:39:57.382 测试日志
[I]22:39:57.401 测试日志
[I]22:39:57.420 测试日志
[I]22:39:57.440 测试日志
[I]22:39:57.462 测试日志
[I]22:39:57.481 测试日志
[I]22:39:57.501 测试日志
[I]22:39:57.521 测试日志
[I]22:39:57.542 测试日志
[I]22:39:57.561 测试日志
[I]22:39:57.581 测试日志
[I]22:39:57.600 测试日志
[I]22:39:57.622 测试日志
[I]22:39:57.640 测试日志
[I]22:39:57.665 测试日志
[I]22:39:57.681 测试日志
[I]22:39:57.702 测试日志
[I]22:39:57.720 测试日志
[I]22:39:57.740 测试日志
[I]22:39:57.761 测试日志
[I]22:39:57.780 测试日志
[I]22:39:57.801 测试日志
[I]22:39:57.821 测试日志
[I]22:39:57.840 测试日志
[I]22:39:57.860 测试日志
[I]22:39:57.880 测试日志
[I]22:39:57.901 测试日志
[I]22:39:57.921 测试日志
[I]22:39:57.942 测试日志
[I]22:39:57.960 测试日志
[I]22:39:57.981 测试日志
[I]22:39:58.000 测试日志
[I]22:39:58.022 测试日志
[I]22:39:58.041 测试日志
[I]22:39:58.062 测试日志
[I]22:39:58.081 测试日志
[I]22:39:58.101 测试日志
[I]22:39:58.121 测试日志
[I]22:39:58.141 测试日志
[I]22:39:58.160 测试日志
[I]22:39:58.182 测试日志
[I]22:39:58.200 测试日志
[I]22:39:58.221 测试日志
[I]22:39:58.242 测试日志
[I]22:39:58.260 测试日志
[I]22:39:58.281 测试日志
[I]22:39:58.302 测试日志
[I]22:39:58.319 测试日志
[I]22:39:58.341 测试日志
[I]22:39:58.361 测试日志
[I]22:39:58.382 测试日志
[I]22:39:58.402 测试日志
[I]22:39:58.421 测试日志
[I]22:39:58.442 测试日志
[I]22:39:58.462 测试日志
[I]22:39:58.481 测试日志
[I]22:39:58.500 测试日志
[I]22:39:58.521 测试日志
[I]22:39:58.542 测试日志
[I]22:39:58.561 测试日志
[I]22:39:58.580 测试日志
[I]22:39:58.601 测试日志
[I]22:39:58.620 测试日志
[I]22:39:58.640 测试日志
[I]22:39:58.661 测试日志
[I]22:39:58.681 测试日志
[I]22:39:58.701 测试日志
[I]22:39:58.721 测试日志
[I]22:39:58.741 测试日志
[I]22:39:58.760 测试日志
[I]22:39:58.782 测试日志
[I]22:39:58.802 测试日志
[I]22:39:58.820 测试日志
[I]22:39:58.841 测试日志
[I]22:39:58.860 测试日志
[I]22:39:58.881 测试日志
[I]22:39:58.900 测试日志
[I]22:39:58.921 测试日志
[I]22:39:58.940 测试日志
[I]22:39:58.961 测试日志
[I]22:39:58.981 测试日志
[I]22:39:59.002 测试日志
[I]22:39:59.021 测试日志
[I]22:39:59.041 测试日志
[I]22:39:59.060 测试日志
[I]22:39:59.080 测试日志
[I]22:39:59.102 测试日志
[I]22:39:59.120 测试日志
[I]22:39:59.141 测试日志
[I]22:39:59.161 测试日志
[I]22:39:59.182 测试日志
[I]22:39:59.202 测试日志
[I]22:39:59.220 测试日志
[I]22:39:59.241 测试日志
[I]22:39:59.260 测试日志
[I]22:39:59.281 测试日志
[I]22:39:59.302 测试日志
[I]22:39:59.320 测试日志
[I]22:39:59.342 测试日志
[I]22:39:59.360 测试日志
[I]22:39:59.381 测试日志
[I]22:39:59.401 测试日志
[I]22:39:59.420 测试日志
[I]22:39:59.442 测试日志
[I]22:39:59.460 测试日志
[I]22:39:59.480 测试日志
[I]22:39:59.506 测试日志
[I]22:39:59.521 测试日志
[I]22:39:59.541 测试日志
[I]22:39:59.561 测试日志
[I]22:39:59.581 测试日志
[I]22:39:59.604 测试日志
[I]22:39:59.622 测试日志
[I]22:39:59.640 测试日志
[I]22:39:59.662 测试日志
[I]22:39:59.681 测试日志
[I]22:39:59.700 测试日志
[I]22:39:59.722 测试日志
[I]22:39:59.741 测试日志
[I]22:39:59.760 测试日志
[I]22:39:59.781 测试日志
[I]22:39:59.801 测试日志
[I]22:39:59.820 测试日志
[I]22:39:59.842 测试日志
[I]22:39:59.861 测试日志
[I]22:39:59.885 测试日志
[I]22:39:59.901 测试日志
[I]22:39:59.921 测试日志
[I]22:39:59.941 测试日志
[I]22:39:59.961 测试日志
[I]22:39:59.980 测试日志
[I]22:40:00.000 测试日志
[I]22:40:00.022 测试日志
[I]22:40:00.042 测试日志
[I]22:40:00.062 测试日志
[I]22:40:00.085 测试日志
[I]22:40:00.103 测试日志
[I]22:40:00.121 测试日志
[I]22:40:00.141 测试日志
[I]22:40:00.161 测试日志
[I]22:40:00.181 测试日志
[I]22:40:00.202 测试日志
[I]22:40:00.222 测试日志
[I]22:40:00.240 测试日志
[I]22:40:00.261 测试日志
[I]22:40:00.281 测试日志
[I]22:40:00.301 测试日志
[I]22:40:00.320 测试日志
[I]22:40:00.341 测试日志
[I]22:40:00.360 测试日志
[I]22:40:00.381 测试日志
[I]22:40:00.401 测试日志
[I]22:40:00.420 测试日志
[I]22:40:00.441 测试日志
[I]22:40:00.460 测试日志
[I]22:40:00.481 测试日志
[I]22:40:00.500 测试日志
[I]22:40:00.520 测试日志
[I]22:40:00.540 测试日志
[I]22:40:00.560 测试日志
[I]22:40:00.582 测试日志
[I]22:40:00.606 测试日志
[I]22:40:00.621 测试日志
[I]22:40:00.641 测试日志
[I]22:40:00.661 测试日志
[I]22:40:00.680 测试日志
[I]22:40:00.701 测试日志
[I]22:40:00.723 测试日志
[I]22:40:00.742 测试日志
[I]22:40:00.761 测试日志
[I]22:40:00.781 测试日志
[I]22:40:00.799 测试日志
[I]22:40:00.822 测试日志
[I]22:40:00.841 测试日志
[I]22:40:00.861 测试日志
[I]22:40:00.882 测试日志
[I]22:40:00.900 测试日志
[I]22:40:00.919 测试日志
[I]22:40:00.941 测试日志
[I]22:40:00.962 测试日志
[I]22:40:00.981 测试日志
[I]22:40:01.001 测试日志
[I]22:40:01.020 测试日志
[I]22:40:01.041 测试日志
[I]22:40:01.061 测试日志
[I]22:40:01.082 测试日志
[I]22:40:01.100 测试日志
[I]22:40:01.122 测试日志
[I]22:40:01.141 测试日志
[I]22:40:01.162 测试日志
[I]22:40:01.181 测试日志
[I]22:40:01.201 测试日志
[I]22:40:01.222 测试日志
[I]22:40:01.240 测试日志
[I]22:40:01.262 测试日志
[I]22:40:01.280 测试日志
[I]22:40:01.301 测试日志
[I]22:40:01.320 测试日志
[I]22:40:01.340 测试日志
[I]22:40:01.361 测试日志
[I]22:40:01.380 测试日志
[I]22:40:01.400 测试日志
[I]22:40:01.420 测试日志
[I]22:40:01.441 测试日志
[I]22:40:01.460 测试日志
[I]22:40:01.481 测试日志
[I]22:40:01.500 测试日志
[I]22:40:01.521 测试日志
[I]22:40:01.541 测试日志
[I]22:40:01.561 测试日志
[I]22:40:01.582 测试日志
[I]22:40:01.602 测试日志
[I]22:40:01.620 测试日志
[I]22:40:01.640 测试日志
[I]22:40:01.662 测试日志
[I]22:40:01.682 测试日志
[I]22:40:01.700 测试日志
[I]22:40:01.721 测试日志
[I]22:40:01.741 测试日志
[I]22:40:01.761 测试日志
[I]22:40:01.780 测试日志
[I]22:40:01.802 测试日志
[I]22:40:01.821 测试日志
[I]22:40:01.841 测试日志
[I]22:40:01.861 测试日志
[I]22:40:01.882 测试日志
[I]22:40:01.901 测试日志
[I]22:40:01.921 测试日志
[I]22:40:01.941 测试日志
[I]22:40:01.961 测试日志
[I]22:40:01.980 测试日志
[I]22:40:02.001 测试日志
[I]22:40:02.022 测试日志
[I]22:40:02.041 测试日志
[I]22:40:02.059 测试日志
[I]22:40:02.081 测试日志
[I]22:40:02.102 测试日志
[I]22:40:02.121 测试日志
[I]22:40:02.141 测试日志
[I]22:40:02.162 测试日志
[I]22:40:02.181 测试日志
[I]22:40:02.201 测试日志
[I]22:40:02.220 测试日志
[I]22:40:02.242 测试日志
[I]22:40:02.261 测试日志
[I]22:40:02.280 测试日志
[I]22:40:02.301 测试日志
[I]22:40:02.321 测试日志
[I]22:40:02.340 测试日志
[I]22:40:02.361 测试日志
[I]22:40:02.382 测试日志
[I]22:40:02.400 测试日志
[I]22:40:02.420 测试日志
[I]22:40:02.440 测试日志
[I]22:40:02.461 测试日志
[I]22:40:02.480 测试日志
[I]22:40:02.501 测试日志
[I]22:40:02.522 测试日志
[I]22:40:02.542 测试日志
[I]22:40:02.562 测试日志
[I]22:40:02.581 测试日志
[I]22:40:02.600 测试日志
[I]22:40:02.620 测试日志
[I]22:40:02.640 测试日志
[I]22:40:02.661 测试日志
[I]22:40:02.681 测试日志
[I]22:40:02.701 测试日志
[I]22:40:02.721 测试日志
[I]22:40:02.741 测试日志
[I]22:40:02.760 测试日志
[I]22:40:02.781 测试日志
[I]22:40:02.801 测试日志
[I]22:40:02.821 测试日志
[I]22:40:02.841 测试日志
[I]22:40:02.860 测试日志
[I]22:40:02.882 测试日志
[I]22:40:02.903 测试日志
[I]22:40:02.921 测试日志
[I]22:40:02.941 测试日志
[I]22:40:02.960 测试日志
[I]22:40:02.982 测试日志
[I]22:40:02.999 测试日志
[I]22:40:03.022 测试日志
[I]22:40:03.041 测试日志
[I]22:40:03.062 测试日志
[I]22:40:03.081 测试日志
[I]22:40:03.105 测试日志
[I]22:40:03.122 测试日志
[I]22:40:03.140 测试日志
[I]22:40:03.160 测试日志
[I]22:40:03.179 测试日志
[I]22:40:03.201 测试日志
[I]22:40:03.221 测试日志
[I]22:40:03.240 测试日志
[I]22:40:03.262 测试日志
[I]22:40:03.281 测试日志
[I]22:40:03.304 测试日志
[I]22:40:03.321 测试日志
[I]22:40:03.341 测试日志
[I]22:40:03.360 测试日志
[I]22:40:03.381 测试日志
[I]22:40:03.401 测试日志
[I]22:40:03.421 测试日志
[I]22:40:03.441 测试日志
[I]22:40:03.462 测试日志
[I]22:40:03.481 测试日志
[I]22:40:03.504 测试日志
[I]22:40:03.521 测试日志
[I]22:40:03.541 测试日志
[I]22:40:03.561 测试日志
[I]22:40:03.580 测试日志
[I]22:40:03.601 测试日志
[I]22:40:03.620 测试日志
[I]22:40:03.641 测试日志
[I]22:40:03.662 测试日志
[I]22:40:03.681 测试日志
[I]22:40:03.705 测试日志
[I]22:40:03.720 测试日志
[I]22:40:03.741 测试日志
[I]22:40:03.760 测试日志
[I]22:40:03.782 测试日志
[I]22:40:03.802 测试日志
[I]22:40:03.822 测试日志
[I]22:40:03.841 测试日志
[I]22:40:03.861 测试日志
[I]22:40:03.882 测试日志
[I]22:40:03.900 测试日志
[I]22:40:03.920 测试日志
[I]22:40:03.940 测试日志
[I]22:40:03.961 测试日志
[I]22:40:03.980 测试日志
[I]22:40:04.000 测试日志
[I]22:40:04.021 测试日志
[I]22:40:04.041 测试日志
[I]22:40:04.061 测试日志
[I]22:40:04.080 测试日志
[I]22:40:04.101 测试日志
[I]22:40:04.122 测试日志
[I]22:40:04.141 测试日志
[I]22:40:04.161 测试日志
[I]22:40:04.182 测试日志
[I]22:40:04.200 测试日志
[I]22:40:04.221 测试日志
[I]22:40:04.240 测试日志
[I]22:40:04.262 测试日志
[I]22:40:04.281 测试日志
[I]22:40:04.301 测试日志
[I]22:40:04.322 测试日志
[I]22:40:04.341 测试日志
[I]22:40:04.360 测试日志
[I]22:40:04.382 测试日志
[I]22:40:04.401 测试日志
[I]22:40:04.421 测试日志
[I]22:40:04.440 测试日志
[I]22:40:04.461 测试日志
[I]22:40:04.481 测试日志
[I]22:40:04.502 测试日志
[I]22:40:04.520 测试日志
[I]22:40:04.540 测试日志
[I]22:40:04.562 测试日志
[I]22:40:04.581 测试日志
[I]22:40:04.602 测试日志
[I]22:40:04.624 测试日志
[I]22:40:04.642 测试日志
[I]22:40:04.660 测试日志
[I]22:40:04.680 测试日志
[I]22:40:04.701 测试日志
[I]22:40:04.721 测试日志
[I]22:40:04.741 测试日志
[I]22:40:04.760 测试日志
[I]22:40:04.782 测试日志
[I]22:40:04.801 测试日志
[I]22:40:04.820 测试日志
[I]22:40:04.841 测试日志
[I]22:40:04.860 测试日志
[I]22:40:04.882 测试日志
[I]22:40:04.901 测试日志
[I]22:40:04.922 测试日志
[I]22:40:04.941 测试日志
[I]22:40:04.962 测试日志
[I]22:40:04.982 测试日志
[I]22:40:05.001 测试日志
[I]22:40:05.020 测试日志
[I]22:40:05.041 测试日志
[I]22:40:05.061 测试日志
[I]22:40:05.080 测试日志
[I]22:40:05.101 测试日志
[I]22:40:05.124 测试日志
[I]22:40:05.142 测试日志
[I]22:40:05.162 测试日志
[I]22:40:05.181 测试日志
[I]22:40:05.201 测试日志
[I]22:40:05.221 测试日志
[I]22:40:05.239 测试日志
[I]22:40:05.261 测试日志
[I]22:40:05.282 测试日志
[I]22:40:05.302 测试日志
[I]22:40:05.321 测试日志
[I]22:40:05.340 测试日志
[I]22:40:05.360 测试日志
[I]22:40:05.380 测试日志
[I]22:40:05.402 测试日志
[I]22:40:05.421 测试日志
[I]22:40:05.441 测试日志
[I]22:40:05.460 测试日志
[I]22:40:05.481 测试日志
[I]22:40:05.501 测试日志
[I]22:40:05.520 测试日志
[I]22:40:05.541 测试日志
[I]22:40:05.561 测试日志
[I]22:40:05.580 测试日志
[I]22:40:05.600 测试日志
[I]22:40:05.620 测试日志
[I]22:40:05.641 测试日志
[I]22:40:05.660 测试日志
[I]22:40:05.681 测试日志
[I]22:40:05.700 测试日志
[I]22:40:05.721 测试日志
[I]22:40:05.739 测试日志
[I]22:40:05.762 测试日志
[I]22:40:05.783 测试日志
[I]22:40:05.801 测试日志
[I]22:40:05.820 测试日志
[I]22:40:05.841 测试日志
[I]22:40:05.862 测试日志
[I]22:40:05.881 测试日志
[I]22:40:05.902 测试日志
[I]22:40:05.921 测试日志
[I]22:40:05.940 测试日志
[I]22:40:05.961 测试日志
[I]22:40:05.982 测试日志
[I]22:40:06.000 测试日志
[I]22:40:06.020 测试日志
[I]22:40:06.041 测试日志
[I]22:40:06.061 测试日志
[I]22:40:06.080 测试日志
[I]22:40:06.101 测试日志
[I]22:40:06.124 测试日志
[I]22:40:06.142 测试日志
[I]22:40:06.160 测试日志
[I]22:40:06.181 测试日志
[I]22:40:06.200 测试日志
[I]22:40:06.221 测试日志
[I]22:40:06.242 测试日志
[I]22:40:06.261 测试日志
[I]22:40:06.281 测试日志
[I]22:40:06.301 测试日志
[I]22:40:06.321 测试日志
[I]22:40:06.340 测试日志
[I]22:40:06.361 测试日志
[I]22:40:06.380 测试日志
[I]22:40:06.401 测试日志
[I]22:40:06.421 测试日志
[I]22:40:06.440 测试日志
[I]22:40:06.461 测试日志
[I]22:40:06.482 测试日志
[I]22:40:06.501 测试日志
[I]22:40:06.520 测试日志
[I]22:40:06.540 测试日志
[I]22:40:06.561 测试日志
[I]22:40:06.582 测试日志
[I]22:40:06.601 测试日志
[I]22:40:06.623 测试日志
[I]22:40:06.641 测试日志
[I]22:40:06.662 测试日志
[I]22:40:06.681 测试日志
[I]22:40:06.701 测试日志
[I]22:40:06.721 测试日志
[I]22:40:06.741 测试日志
[I]22:40:06.762 测试日志
[I]22:40:06.780 测试日志
[I]22:40:06.799 测试日志
[I]22:40:06.821 测试日志
[I]22:40:06.840 测试日志
[I]22:40:06.861 测试日志
[I]22:40:06.881 测试日志
[I]22:40:06.900 测试日志
[I]22:40:06.923 测试日志
[I]22:40:06.941 测试日志
[I]22:40:06.960 测试日志
[I]22:40:06.981 测试日志
[I]22:40:07.000 测试日志
[I]22:40:07.022 测试日志
[I]22:40:07.040 测试日志
[I]22:40:07.060 测试日志
[I]22:40:07.082 测试日志
[I]22:40:07.100 测试日志
[I]22:40:07.124 测试日志
[I]22:40:07.141 测试日志
[I]22:40:07.163 测试日志
[I]22:40:07.181 测试日志
[I]22:40:07.201 测试日志
[I]22:40:07.221 测试日志
[I]22:40:07.240 测试日志
[I]22:40:07.261 测试日志
[I]22:40:07.281 测试日志
[I]22:40:07.300 测试日志
[I]22:40:07.323 测试日志
[I]22:40:07.341 测试日志
[I]22:40:07.360 测试日志
[I]22:40:07.380 测试日志
[I]22:40:07.401 测试日志
[I]22:40:07.420 测试日志
[I]22:40:07.441 测试日志
[I]22:40:07.460 测试日志
[I]22:40:07.480 测试日志
[I]22:40:07.500 测试日志
[I]22:40:07.524 测试日志
[I]22:40:07.541 测试日志
[I]22:40:07.562 测试日志
[I]22:40:07.580 测试日志
[I]22:40:07.600 测试日志
[I]22:40:07.622 测试日志
[I]22:40:07.641 测试日志
[I]22:40:07.662 测试日志
[I]22:40:07.682 测试日志
[I]22:40:07.702 测试日志
[I]22:40:07.729 测试日志
[I]22:40:07.743 测试日志
[I]22:40:07.761 测试日志
[I]22:40:07.782 测试日志
[I]22:40:07.802 测试日志
[I]22:40:07.822 测试日志
[I]22:40:07.840 测试日志
[I]22:40:07.861 测试日志
[I]22:40:07.881 测试日志
[I]22:40:07.902 测试日志
[I]22:40:07.921 测试日志
[I]22:40:07.940 测试日志
[I]22:40:07.963 测试日志
[I]22:40:07.981 测试日志
[I]22:40:08.001 测试日志
[I]22:40:08.022 测试日志
[I]22:40:08.042 测试日志
[I]22:40:08.060 测试日志
[I]22:40:08.081 测试日志
[I]22:40:08.100 测试日志
[I]22:40:08.123 测试日志
[I]22:40:08.144 测试日志
[I]22:40:08.162 测试日志
[I]22:40:08.181 测试日志
[I]22:40:08.201 测试日志
[I]22:40:08.221 测试日志
[I]22:40:08.240 测试日志
[I]22:40:08.261 测试日志
[I]22:40:08.280 测试日志
[I]22:40:08.302 测试日志
[I]22:40:08.322 测试日志
[I]22:40:08.343 测试日志
[I]22:40:08.360 测试日志
[I]22:40:08.382 测试日志
[I]22:40:08.400 测试日志
[I]22:40:08.421 测试日志
[I]22:40:08.441 测试日志
[I]22:40:08.462 测试日志
[I]22:40:08.489 测试日志
[I]22:40:08.501 测试日志
[I]22:40:08.521 测试日志
[I]22:40:08.542 测试日志
[I]22:40:08.567 测试日志
[I]22:40:08.581 测试日志
[I]22:40:08.602 测试日志
[I]22:40:08.621 测试日志
[I]22:40:08.641 测试日志
[I]22:40:08.661 测试日志
[I]22:40:08.682 测试日志
[I]22:40:08.701 测试日志
[I]22:40:08.720 测试日志
[I]22:40:08.746 测试日志
[I]22:40:08.760 测试日志
[I]22:40:08.782 测试日志
[I]22:40:08.800 测试日志
[I]22:40:08.822 测试日志
[I]22:40:08.841 测试日志
[I]22:40:08.861 测试日志
[I]22:40:08.880 测试日志
[I]22:40:08.903 测试日志
[I]22:40:08.920 测试日志
[I]22:40:08.940 测试日志
[I]22:40:08.959 测试日志
[I]22:40:08.981 测试日志
[I]22:40:09.002 测试日志
[I]22:40:09.021 测试日志
[I]22:40:09.040 测试日志
[I]22:40:09.064 测试日志
[I]22:40:09.080 测试日志
[I]22:40:09.102 测试日志
[I]22:40:09.121 测试日志
[I]22:40:09.143 测试日志
[I]22:40:09.162 测试日志
[I]22:40:09.181 测试日志
[I]22:40:09.200 测试日志
[I]22:40:09.220 测试日志
[I]22:40:09.241 测试日志
[I]22:40:09.260 测试日志
[I]22:40:09.280 测试日志
[I]22:40:09.302 测试日志
[I]22:40:09.319 测试日志
[I]22:40:09.340 测试日志
[I]22:40:09.360 测试日志
[I]22:40:12.684 测试日志
[I]22:40:12.684 测试日志
[I]22:40:12.684 测试日志
[I]22:40:12.684 测试日志
[I]22:40:12.684 测试日志
[I]22:40:12.684 测试日志
[I]22:40:12.684 测试日志
[I]22:40:12.685 测试日志
[I]22:40:12.685 测试日志
[I]22:40:12.685 测试日志
[I]22:40:12.685 测试日志
[I]22:40:12.685 测试日志
[I]22:40:12.685 测试日志
[I]22:40:12.685 测试日志
[I]22:40:12.685 测试日志
[I]22:40:12.685 测试日志
[I]22:40:12.685 测试日志
[I]22:40:12.696 测试日志
[I]22:40:12.714 测试日志
[I]22:40:12.733 测试日志
[I]22:40:12.754 测试日志
[I]22:40:12.779 测试日志
[I]22:40:12.796 测试日志
[I]22:40:12.813 测试日志
[I]22:40:12.834 测试日志
[I]22:40:12.852 测试日志
[I]22:40:12.874 测试日志
[I]22:40:12.894 测试日志
[I]22:40:12.914 测试日志
[I]22:40:12.933 测试日志
[I]22:40:12.952 测试日志
[I]22:40:12.974 测试日志
[I]22:40:12.993 测试日志
[I]22:40:13.013 测试日志
[I]22:40:13.034 测试日志
[I]22:40:13.054 测试日志
[I]22:40:13.074 测试日志
[I]22:40:13.093 测试日志
[I]22:40:13.113 测试日志
[I]22:40:13.134 测试日志
[I]22:40:13.154 测试日志
[I]22:40:13.174 测试日志
[I]22:40:13.198 测试日志
[I]22:40:13.214 测试日志
[I]22:40:13.234 测试日志
[I]22:40:13.253 测试日志
[I]22:40:13.272 测试日志
[I]22:40:13.294 测试日志
[I]22:40:13.315 测试日志
[I]22:40:13.334 测试日志
[I]22:40:13.353 测试日志
[I]22:40:13.373 测试日志
[I]22:40:13.394 测试日志
[I]22:40:13.413 测试日志
[I]22:40:13.433 测试日志
[I]22:40:13.453 测试日志
[I]22:40:13.472 测试日志
[I]22:40:13.496 测试日志
[I]22:40:13.514 测试日志
[I]22:40:13.534 测试日志
[I]22:40:13.553 测试日志
[I]22:40:13.573 测试日志
[I]22:40:13.592 测试日志
[I]22:40:13.615 测试日志
[I]22:40:13.634 测试日志
[I]22:40:13.654 测试日志
[I]22:40:13.674 测试日志
[I]22:40:13.694 测试日志
[I]22:40:13.715 测试日志
[I]22:40:13.734 测试日志
[I]22:40:13.755 测试日志
[I]22:40:13.775 测试日志
[I]22:40:13.794 测试日志
[I]22:40:13.815 测试日志
[I]22:40:13.834 测试日志
[I]22:40:13.854 测试日志
[I]22:40:13.874 测试日志
[I]22:40:13.894 测试日志
[I]22:40:13.912 测试日志
[I]22:40:13.934 测试日志
[I]22:40:13.954 测试日志
[I]22:40:13.972 测试日志
[I]22:40:13.994 测试日志
[I]22:40:14.014 测试日志
[I]22:40:14.033 测试日志
[I]22:40:14.052 测试日志
[I]22:40:14.073 测试日志
[I]22:40:14.092 测试日志
[I]22:40:14.114 测试日志
[I]22:40:14.133 测试日志
[I]22:40:14.154 测试日志
[I]22:40:14.174 测试日志
[I]22:40:14.194 测试日志
[I]22:40:14.214 测试日志
[I]22:40:14.235 测试日志
[I]22:40:14.253 测试日志
[I]22:40:14.273 测试日志
[I]22:40:14.293 测试日志
[I]22:40:14.314 测试日志
[I]22:40:14.334 测试日志
[I]22:40:14.354 测试日志
[I]22:40:14.373 测试日志
[I]22:40:14.392 测试日志
[I]22:40:14.415 测试日志
[I]22:40:14.433 测试日志
[I]22:40:14.453 测试日志
[I]22:40:14.473 测试日志
[I]22:40:14.493 测试日志
[I]22:40:14.513 测试日志
[I]22:40:14.533 测试日志
[I]22:40:14.554 测试日志
[I]22:40:14.574 测试日志
[I]22:40:14.594 测试日志
[I]22:40:14.613 测试日志
[I]22:40:14.633 测试日志
[I]22:40:14.654 测试日志
[I]22:40:14.674 测试日志
[I]22:40:14.696 测试日志
[I]22:40:14.712 测试日志
[I]22:40:14.734 测试日志
[I]22:40:14.754 测试日志
[I]22:40:14.774 测试日志
[I]22:40:14.794 测试日志
[I]22:40:14.813 测试日志
[I]22:40:14.832 测试日志
[I]22:40:14.854 测试日志
[I]22:40:14.874 测试日志
[I]22:40:14.893 测试日志
[I]22:40:14.913 测试日志
[I]22:40:14.933 测试日志
[I]22:40:14.952 测试日志
[I]22:40:14.973 测试日志
[I]22:40:14.994 测试日志
[I]22:40:15.014 测试日志
[I]22:40:15.033 测试日志
[I]22:40:15.053 测试日志
[I]22:40:15.072 测试日志
[I]22:40:15.094 测试日志
[I]22:40:15.114 测试日志
[I]22:40:15.132 测试日志
[I]22:40:15.153 测试日志
[I]22:40:15.172 测试日志
[I]22:40:15.196 测试日志
[I]22:40:15.213 测试日志
[I]22:40:15.233 测试日志
[I]22:40:15.254 测试日志
[I]22:40:15.274 测试日志
[I]22:40:15.293 测试日志
[I]22:40:15.312 测试日志
[I]22:40:15.334 测试日志
[I]22:40:15.353 测试日志
[I]22:40:15.373 测试日志
[I]22:40:15.393 测试日志
[I]22:40:15.412 测试日志
[I]22:40:15.434 测试日志
[I]22:40:15.454 测试日志
[I]22:40:15.474 测试日志
[I]22:40:15.494 测试日志
[I]22:40:15.514 测试日志
[I]22:40:15.533 测试日志
[I]22:40:15.553 测试日志
[I]22:40:15.573 测试日志
[I]22:40:15.593 测试日志
[I]22:40:15.613 测试日志
[I]22:40:15.634 测试日志
[I]22:40:15.654 测试日志
[I]22:40:15.674 测试日志
[I]22:40:15.698 测试日志
[I]22:40:15.714 测试日志
[I]22:40:15.733 测试日志
[I]22:40:15.754 测试日志
[I]22:40:15.774 测试日志
[I]22:40:15.793 测试日志
[I]22:40:15.812 测试日志
[I]22:40:15.832 测试日志
[I]22:40:15.854 测试日志
[I]22:40:15.873 测试日志
[I]22:40:15.893 测试日志
[I]22:40:15.915 测试日志
[I]22:40:15.934 测试日志
[I]22:40:15.955 测试日志
[I]22:40:15.975 测试日志
[I]22:40:15.994 测试日志
[I]22:40:16.014 测试日志
[I]22:40:16.034 测试日志
[I]22:40:16.054 测试日志
[I]22:40:16.074 测试日志
[I]22:40:16.093 测试日志
[I]22:40:16.117 测试日志
[I]22:40:16.134 测试日志
[I]22:40:16.153 测试日志
[I]22:40:16.173 测试日志
[I]22:40:16.193 测试日志
[I]22:40:16.213 测试日志
[I]22:40:16.232 测试日志
[I]22:40:16.252 测试日志
[I]22:40:16.274 测试日志
[I]22:40:16.294 测试日志
[I]22:40:16.318 测试日志
[I]22:40:16.333 测试日志
[I]22:40:16.353 测试日志
[I]22:40:16.374 测试日志
[I]22:40:16.394 测试日志
[I]22:40:16.413 测试日志
[I]22:40:16.433 测试日志
[I]22:40:16.453 测试日志
[I]22:40:16.472 测试日志
[I]22:40:16.493 测试日志
[I]22:40:16.512 测试日志
[I]22:40:16.534 测试日志
[I]22:40:16.553 测试日志
[I]22:40:16.575 测试日志
[I]22:40:16.594 测试日志
[I]22:40:16.614 测试日志
[I]22:40:16.634 测试日志
[I]22:40:16.653 测试日志
[I]22:40:16.673 测试日志
[I]22:40:16.692 测试日志
[I]22:40:16.713 测试日志
[I]22:40:16.734 测试日志
[I]22:40:16.754 测试日志
[I]22:40:16.774 测试日志
[I]22:40:16.793 测试日志
[I]22:40:16.814 测试日志
[I]22:40:16.832 测试日志
[I]22:40:16.852 测试日志
[I]22:40:16.873 测试日志
[I]22:40:16.893 测试日志
[I]22:40:16.914 测试日志
[I]22:40:16.934 测试日志
[I]22:40:16.954 测试日志
[I]22:40:16.973 测试日志
[I]22:40:16.993 测试日志
[I]22:40:17.013 测试日志
[I]22:40:17.034 测试日志
[I]22:40:17.053 测试日志
[I]22:40:17.073 测试日志
[I]22:40:17.094 测试日志
[I]22:40:17.113 测试日志
[I]22:40:17.133 测试日志
[I]22:40:17.154 测试日志
[I]22:40:17.174 测试日志
[I]22:40:17.193 测试日志
[I]22:40:17.214 测试日志
[I]22:40:17.234 测试日志
[I]22:40:17.254 测试日志
[I]22:40:17.273 测试日志
[I]22:40:17.293 测试日志
[I]22:40:17.314 测试日志
[I]22:40:17.332 测试日志
[I]22:40:17.353 测试日志
[I]22:40:17.373 测试日志
[I]22:40:17.393 测试日志
[I]22:40:17.413 测试日志
[I]22:40:17.433 测试日志
[I]22:40:17.454 测试日志
[I]22:40:17.473 测试日志
[I]22:40:17.493 测试日志
[I]22:40:17.513 测试日志
[I]22:40:17.534 测试日志
[I]22:40:17.553 测试日志
[I]22:40:17.574 测试日志
[I]22:40:17.594 测试日志
[I]22:40:17.613 测试日志
[I]22:40:17.635 测试日志
[I]22:40:17.653 测试日志
[I]22:40:17.673 测试日志
[I]22:40:17.693 测试日志
[I]22:40:17.714 测试日志
[I]22:40:17.733 测试日志
[I]22:40:17.755 测试日志
[I]22:40:17.773 测试日志
[I]22:40:17.794 测试日志
[I]22:40:17.813 测试日志
[I]22:40:17.834 测试日志
[I]22:40:17.854 测试日志
[I]22:40:17.874 测试日志
[I]22:40:17.893 测试日志
[I]22:40:17.913 测试日志
[I]22:40:17.935 测试日志
[I]22:40:17.955 测试日志
[I]22:40:17.975 测试日志
[I]22:40:17.994 测试日志
[I]22:40:18.013 测试日志
[I]22:40:18.034 测试日志
[I]22:40:18.054 测试日志
[I]22:40:18.073 测试日志
[I]22:40:18.092 测试日志
[I]22:40:18.115 测试日志
[I]22:40:18.134 测试日志
[I]22:40:18.154 测试日志
[I]22:40:18.173 测试日志
[I]22:40:18.194 测试日志
[I]22:40:18.212 测试日志
[I]22:40:18.233 测试日志
[I]22:40:18.253 测试日志
[I]22:40:18.272 测试日志
[I]22:40:18.294 测试日志
[I]22:40:18.314 测试日志
[I]22:40:18.333 测试日志
[I]22:40:18.352 测试日志
[I]22:40:18.374 测试日志
[I]22:40:18.393 测试日志
[I]22:40:18.413 测试日志
[I]22:40:18.434 测试日志
[I]22:40:18.454 测试日志
[I]22:40:18.473 测试日志
[I]22:40:18.493 测试日志
[I]22:40:18.513 测试日志
[I]22:40:18.533 测试日志
[I]22:40:18.553 测试日志
[I]22:40:18.573 测试日志
[I]22:40:18.594 测试日志
[I]22:40:18.614 测试日志
[I]22:40:18.633 测试日志
[I]22:40:18.654 测试日志
[I]22:40:18.674 测试日志
[I]22:40:18.693 测试日志
[I]22:40:18.714 测试日志
[I]22:40:18.734 测试日志
[I]22:40:18.754 测试日志
[I]22:40:18.773 测试日志
[I]22:40:18.794 测试日志
[I]22:40:18.814 测试日志
[I]22:40:18.832 测试日志
[I]22:40:18.852 测试日志
[I]22:40:18.874 测试日志
[I]22:40:18.894 测试日志
[I]22:40:18.913 测试日志
[I]22:40:18.934 测试日志
[I]22:40:18.953 测试日志
[I]22:40:18.973 测试日志
[I]22:40:18.992 测试日志
[I]22:40:19.012 测试日志
[I]22:40:19.035 测试日志
[I]22:40:19.054 测试日志
[I]22:40:19.074 测试日志
[I]22:40:19.093 测试日志
[I]22:40:19.113 测试日志
[I]22:40:19.134 测试日志
[I]22:40:19.153 测试日志
[I]22:40:19.172 测试日志
[I]22:40:19.193 测试日志
[I]22:40:19.217 测试日志
[I]22:40:19.234 测试日志
[I]22:40:19.253 测试日志
[I]22:40:19.273 测试日志
[I]22:40:19.294 测试日志
[I]22:40:19.314 测试日志
[I]22:40:19.335 测试日志
[I]22:40:19.352 测试日志
[I]22:40:19.372 测试日志
[I]22:40:19.394 测试日志
[I]22:40:19.413 测试日志
[I]22:40:19.433 测试日志
[I]22:40:19.453 测试日志
[I]22:40:19.473 测试日志
[I]22:40:19.492 测试日志
[I]22:40:19.513 测试日志
[I]22:40:19.536 测试日志
[I]22:40:19.553 测试日志
[I]22:40:19.575 测试日志
[I]22:40:19.594 测试日志
[I]22:40:19.613 测试日志
[I]22:40:19.633 测试日志
[I]22:40:19.655 测试日志
[I]22:40:19.673 测试日志
[I]22:40:19.694 测试日志
[I]22:40:19.717 测试日志
[I]22:40:19.736 测试日志
[I]22:40:19.754 测试日志
[I]22:40:19.773 测试日志
[I]22:40:19.793 测试日志
[I]22:40:19.812 测试日志
[I]22:40:19.834 测试日志
[I]22:40:19.854 测试日志
[I]22:40:19.872 测试日志
[I]22:40:19.894 测试日志
[I]22:40:19.914 测试日志
[I]22:40:19.939 测试日志
[I]22:40:19.955 测试日志
[I]22:40:19.975 测试日志
[I]22:40:19.994 测试日志
[I]22:40:20.013 测试日志
[I]22:40:20.033 测试日志
[I]22:40:20.054 测试日志
[I]22:40:20.074 测试日志
[I]22:40:20.094 测试日志
[I]22:40:20.113 测试日志
[I]22:40:20.132 测试日志
[I]22:40:20.155 测试日志
[I]22:40:20.174 测试日志
[I]22:40:20.194 测试日志
[I]22:40:20.218 测试日志
[I]22:40:20.234 测试日志
[I]22:40:20.254 测试日志
[I]22:40:20.272 测试日志
[I]22:40:20.294 测试日志
[I]22:40:20.313 测试日志
[I]22:40:20.333 测试日志
[I]22:40:20.354 测试日志
[I]22:40:20.374 测试日志
[I]22:40:20.393 测试日志
[I]22:40:20.414 测试日志
[I]22:40:20.434 测试日志
[I]22:40:20.453 测试日志
[I]22:40:20.472 测试日志
[I]22:40:20.494 测试日志
[I]22:40:20.514 测试日志
[I]22:40:20.534 测试日志
[I]22:40:20.552 测试日志
[I]22:40:20.574 测试日志
[I]22:40:20.593 测试日志
[I]22:40:20.615 测试日志
[I]22:40:20.634 测试日志
[I]22:40:20.652 测试日志
[I]22:40:20.674 测试日志
[I]22:40:20.694 测试日志
[I]22:40:20.717 测试日志
[I]22:40:20.735 测试日志
[I]22:40:20.753 测试日志
[I]22:40:20.772 测试日志
[I]22:40:20.794 测试日志
[I]22:40:20.813 测试日志
[I]22:40:20.834 测试日志
[I]22:40:20.853 测试日志
[I]22:40:20.873 测试日志
[I]22:40:20.894 测试日志
[I]22:40:20.914 测试日志
[I]22:40:20.933 测试日志
[I]22:40:20.954 测试日志
[I]22:40:20.973 测试日志
[I]22:40:20.992 测试日志
[I]22:40:21.014 测试日志
[I]22:40:21.033 测试日志
[I]22:40:21.053 测试日志
[I]22:40:21.073 测试日志
[I]22:40:21.093 测试日志
[I]22:40:21.114 测试日志
[I]22:40:21.134 测试日志
[I]22:40:21.154 测试日志
[I]22:40:21.173 测试日志
[I]22:40:21.193 测试日志
[I]22:40:21.213 测试日志
[I]22:40:21.233 测试日志
[I]22:40:21.253 测试日志
[I]22:40:21.273 测试日志
[I]22:40:21.294 测试日志
[I]22:40:21.314 测试日志
[I]22:40:21.334 测试日志
[I]22:40:21.352 测试日志
[I]22:40:21.374 测试日志
[I]22:40:21.394 测试日志
[I]22:40:21.413 测试日志
[I]22:40:21.434 测试日志
[I]22:40:21.453 测试日志
[I]22:40:21.475 测试日志
[I]22:40:21.499 测试日志
[I]22:40:21.514 测试日志
[I]22:40:21.533 测试日志
[I]22:40:21.553 测试日志
[I]22:40:21.574 测试日志
[I]22:40:21.593 测试日志
[I]22:40:21.613 测试日志
[I]22:40:21.634 测试日志
[I]22:40:21.654 测试日志
[I]22:40:21.674 测试日志
[I]22:40:21.695 测试日志
[I]22:40:21.714 测试日志
[I]22:40:21.734 测试日志
[I]22:40:21.755 测试日志
[I]22:40:21.772 测试日志
[I]22:40:21.792 测试日志
[I]22:40:21.815 测试日志
[I]22:40:21.833 测试日志
[I]22:40:21.852 测试日志
[I]22:40:21.875 测试日志
[I]22:40:21.894 测试日志
[I]22:40:21.913 测试日志
[I]22:40:21.933 测试日志
[I]22:40:21.954 测试日志
[I]22:40:21.974 测试日志
[I]22:40:21.994 测试日志
[I]22:40:22.012 测试日志
[I]22:40:22.034 测试日志
[I]22:40:22.053 测试日志
[I]22:40:22.073 测试日志
[I]22:40:22.094 测试日志
[I]22:40:22.112 测试日志
[I]22:40:22.134 测试日志
[I]22:40:22.153 测试日志
[I]22:40:22.175 测试日志
[I]22:40:22.194 测试日志
[I]22:40:22.216 测试日志
[I]22:40:22.233 测试日志
[I]22:40:22.253 测试日志
[I]22:40:22.273 测试日志
[I]22:40:22.293 测试日志
[I]22:40:22.312 测试日志
[I]22:40:22.334 测试日志
[I]22:40:22.353 测试日志
[I]22:40:22.374 测试日志
[I]22:40:22.393 测试日志
[I]22:40:22.413 测试日志
[I]22:40:22.434 测试日志
[I]22:40:22.453 测试日志
[I]22:40:22.473 测试日志
[I]22:40:22.494 测试日志
[I]22:40:22.515 测试日志
[I]22:40:22.535 测试日志
[I]22:40:22.554 测试日志
[I]22:40:22.574 测试日志
[I]22:40:22.593 测试日志
[I]22:40:22.613 测试日志
[I]22:40:22.633 测试日志
[I]22:40:22.653 测试日志
[I]22:40:22.674 测试日志
[I]22:40:22.693 测试日志
[I]22:40:22.718 测试日志
[I]22:40:22.734 测试日志
[I]22:40:22.754 测试日志
[I]22:40:22.775 测试日志
[I]22:40:22.794 测试日志
[I]22:40:22.812 测试日志
[I]22:40:22.835 测试日志
[I]22:40:22.854 测试日志
[I]22:40:22.873 测试日志
[I]22:40:22.893 测试日志
[I]22:40:22.914 测试日志
[I]22:40:22.933 测试日志
[I]22:40:22.955 测试日志
[I]22:40:22.974 测试日志
[I]22:40:22.994 测试日志
[I]22:40:23.013 测试日志
[I]22:40:23.035 测试日志
[I]22:40:23.054 测试日志
[I]22:40:23.073 测试日志
[I]22:40:23.095 测试日志
[I]22:40:23.114 测试日志
[I]22:40:23.134 测试日志
[I]22:40:23.152 测试日志
[I]22:40:23.174 测试日志
[I]22:40:23.193 测试日志
[I]22:40:23.218 测试日志
[I]22:40:23.234 测试日志
[I]22:40:23.254 测试日志
[I]22:40:23.273 测试日志
[I]22:40:23.292 测试日志
[I]22:40:23.314 测试日志
[I]22:40:23.333 测试日志
[I]22:40:23.354 测试日志
[I]22:40:23.373 测试日志
[I]22:40:23.393 测试日志
[I]22:40:23.414 测试日志
[I]22:40:23.433 测试日志
[I]22:40:23.453 测试日志
[I]22:40:23.475 测试日志
[I]22:40:23.493 测试日志
[I]22:40:23.513 测试日志
[I]22:40:23.533 测试日志
[I]22:40:23.554 测试日志
[I]22:40:23.574 测试日志
[I]22:40:23.593 测试日志
[I]22:40:23.612 测试日志
[I]22:40:23.634 测试日志
[I]22:40:23.653 测试日志
[I]22:40:23.673 测试日志
[I]22:40:23.694 测试日志
[I]22:40:23.719 测试日志
[I]22:40:23.733 测试日志
[I]22:40:23.754 测试日志
[I]22:40:23.774 测试日志
[I]22:40:23.793 测试日志
[I]22:40:23.812 测试日志
[I]22:40:23.832 测试日志
[I]22:40:23.854 测试日志
[I]22:40:23.874 测试日志
[I]22:40:23.893 测试日志
[I]22:40:23.913 测试日志
[I]22:40:23.933 测试日志
[I]22:40:23.956 测试日志
[I]22:40:23.974 测试日志
[I]22:40:23.994 测试日志
[I]22:40:24.013 测试日志
[I]22:40:24.032 测试日志
[I]22:40:24.053 测试日志
[I]22:40:24.075 测试日志
[I]22:40:24.093 测试日志
[I]22:40:24.114 测试日志
[I]22:40:24.135 测试日志
[I]22:40:24.158 测试日志
[I]22:40:24.174 测试日志
[I]22:40:24.193 测试日志
[I]22:40:24.214 测试日志
[I]22:40:24.234 测试日志
[I]22:40:24.253 测试日志
[I]22:40:24.274 测试日志
[I]22:40:24.293 测试日志
[I]22:40:24.314 测试日志
[I]22:40:24.333 测试日志
[I]22:40:24.354 测试日志
[I]22:40:24.373 测试日志
[I]22:40:24.393 测试日志
[I]22:40:24.413 测试日志
[I]22:40:24.434 测试日志
[I]22:40:24.454 测试日志
[I]22:40:24.474 测试日志
[I]22:40:24.493 测试日志
[I]22:40:24.515 测试日志
[I]22:40:24.534 测试日志
[I]22:40:24.554 测试日志
[I]22:40:24.574 测试日志
[I]22:40:24.593 测试日志
[I]22:40:24.613 测试日志
[I]22:40:24.633 测试日志
[I]22:40:24.652 测试日志
[I]22:40:24.674 测试日志
[I]22:40:24.694 测试日志
[I]22:40:25.366 测试日志
[I]22:40:25.367 测试日志
[I]22:40:25.367 测试日志
[I]22:40:25.367 测试日志
[I]22:40:25.367 测试日志
[I]22:40:25.367 测试日志
[I]22:40:25.367 测试日志
[I]22:40:25.367 测试日志
[I]22:40:25.367 测试日志
[I]22:40:25.367 测试日志
[I]22:40:25.367 测试日志
[I]22:40:25.367 测试日志
[I]22:40:25.367 测试日志
[I]22:40:25.367 测试日志
[I]22:40:25.367 测试日志
[I]22:40:25.367 测试日志
[I]22:40:25.368 测试日志
[I]22:40:25.388 测试日志
[I]22:40:25.407 测试日志
[I]22:40:25.428 测试日志
[I]22:40:25.446 测试日志
[I]22:40:25.467 测试日志
[I]22:40:25.487 测试日志
[I]22:40:25.506 测试日志
[I]22:40:25.527 测试日志
[I]22:40:25.547 测试日志
[I]22:40:25.568 测试日志
[I]22:40:25.588 测试日志
[I]22:40:25.607 测试日志
[I]22:40:25.627 测试日志
[I]22:40:25.646 测试日志
[I]22:40:25.668 测试日志
[I]22:40:25.686 测试日志
[I]22:40:25.706 测试日志
[I]22:40:25.728 测试日志
[I]22:40:25.747 测试日志
[I]22:40:25.767 测试日志
[I]22:40:25.786 测试日志
[I]22:40:25.806 测试日志
[I]22:40:25.827 测试日志
[I]22:40:25.848 测试日志
[I]22:40:25.868 测试日志
[I]22:40:25.888 测试日志
[I]22:40:25.906 测试日志
[I]22:40:25.928 测试日志
[I]22:40:25.947 测试日志
[I]22:40:25.967 测试日志
[I]22:40:25.987 测试日志
[I]22:40:26.007 测试日志
[I]22:40:26.314 测试日志
[I]22:40:26.314 测试日志
[I]22:40:26.314 测试日志
[I]22:40:26.314 测试日志
[I]22:40:26.314 测试日志
[I]22:40:26.314 测试日志
[I]22:40:26.314 测试日志
[I]22:40:26.314 测试日志
[I]22:40:26.314 测试日志
[I]22:40:26.314 测试日志
[I]22:40:26.315 测试日志
[I]22:40:26.315 测试日志
[I]22:40:26.315 测试日志
[I]22:40:26.315 测试日志
[I]22:40:26.315 测试日志
[I]22:40:26.327 测试日志
[I]22:40:26.347 测试日志
[I]22:40:26.366 测试日志
[I]22:40:26.390 测试日志
[I]22:40:26.407 测试日志
[I]22:40:26.431 测试日志
[I]22:40:26.450 测试日志
[I]22:40:26.466 测试日志
[I]22:40:26.490 测试日志
[I]22:40:26.508 测试日志
[I]22:40:26.528 测试日志
[I]22:40:26.547 测试日志
[I]22:40:26.568 测试日志
[I]22:40:26.587 测试日志
[I]22:40:26.607 测试日志
[I]22:40:26.627 测试日志
[I]22:40:26.648 测试日志
[I]22:40:26.667 测试日志
[I]22:40:26.687 测试日志
[I]22:40:26.710 测试日志
[I]22:40:26.726 测试日志
[I]22:40:26.748 测试日志
[I]22:40:26.766 测试日志
[I]22:40:26.789 测试日志
[I]22:40:26.807 测试日志
[I]22:40:26.826 测试日志
[I]22:40:26.847 测试日志
[I]22:40:26.868 测试日志
[I]22:40:26.889 测试日志
[I]22:40:26.906 测试日志
[I]22:40:26.926 测试日志
[I]22:40:26.946 测试日志
[I]22:40:26.968 测试日志
[I]22:40:26.988 测试日志
[I]22:40:27.008 测试日志
[I]22:40:27.028 测试日志
[I]22:40:27.049 测试日志
[I]22:40:27.068 测试日志
[I]22:40:27.088 测试日志
[I]22:40:27.107 测试日志
[I]22:40:27.129 测试日志
[I]22:40:27.149 测试日志
[I]22:40:27.166 测试日志
[I]22:40:27.187 测试日志
[I]22:40:27.207 测试日志
[I]22:40:27.227 测试日志
[I]22:40:27.246 测试日志
[I]22:40:27.267 测试日志
[I]22:40:27.287 测试日志
[I]22:40:27.306 测试日志
[I]22:40:27.328 测试日志
[I]22:40:27.348 测试日志
[I]22:40:27.369 测试日志
[I]22:40:27.387 测试日志
[I]22:40:27.409 测试日志
[I]22:40:27.426 测试日志
[I]22:40:27.448 测试日志
[I]22:40:27.467 测试日志
[I]22:40:27.488 测试日志
[I]22:40:27.507 测试日志
[I]22:40:27.527 测试日志
[I]22:40:27.548 测试日志
[I]22:40:27.567 测试日志
[I]22:40:27.586 测试日志
[I]22:40:27.607 测试日志
[I]22:40:27.628 测试日志
[I]22:40:27.648 测试日志
[I]22:40:27.668 测试日志
[I]22:40:27.687 测试日志
[I]22:40:27.706 测试日志
[I]22:40:27.729 测试日志
[I]22:40:27.748 测试日志
[I]22:40:27.766 测试日志
[I]22:40:27.787 测试日志
[I]22:40:27.807 测试日志
[I]22:40:27.827 测试日志
[I]22:40:27.846 测试日志
[I]22:40:27.869 测试日志
[I]22:40:27.889 测试日志
[I]22:40:27.908 测试日志
[I]22:40:27.930 测试日志
[I]22:40:27.947 测试日志
[I]22:40:27.967 测试日志
[I]22:40:27.989 测试日志
[I]22:40:28.008 测试日志
[I]22:40:28.027 测试日志
[I]22:40:28.046 测试日志
[I]22:40:28.068 测试日志
[I]22:40:28.086 测试日志
[I]22:40:28.107 测试日志
[I]22:40:28.131 测试日志
[I]22:40:28.147 测试日志
[I]22:40:28.168 测试日志
[I]22:40:28.187 测试日志
[I]22:40:28.208 测试日志
[I]22:40:28.226 测试日志
[I]22:40:28.247 测试日志
[I]22:40:28.267 测试日志
[I]22:40:28.287 测试日志
[I]22:40:28.311 测试日志
[I]22:40:28.331 测试日志
[I]22:40:28.349 测试日志
[I]22:40:28.367 测试日志
[I]22:40:28.388 测试日志
[I]22:40:28.407 测试日志
[I]22:40:28.426 测试日志
[I]22:40:28.447 测试日志
[I]22:40:28.467 测试日志
[I]22:40:28.487 测试日志
[I]22:40:28.508 测试日志
[I]22:40:28.531 测试日志
[I]22:40:28.547 测试日志
[I]22:40:28.568 测试日志
[I]22:40:28.588 测试日志
[I]22:40:28.607 测试日志
[I]22:40:28.628 测试日志
[I]22:40:28.647 测试日志
[I]22:40:28.667 测试日志
[I]22:40:28.687 测试日志
[I]22:40:28.707 测试日志
[I]22:40:28.733 测试日志
[I]22:40:28.748 测试日志
[I]22:40:28.768 测试日志
[I]22:40:28.787 测试日志
[I]22:40:28.808 测试日志
[I]22:40:28.827 测试日志
[I]22:40:28.848 测试日志
[I]22:40:28.872 测试日志
[I]22:40:28.888 测试日志
[I]22:40:28.906 测试日志
[I]22:40:28.927 测试日志
[I]22:40:28.949 测试日志
[I]22:40:28.968 测试日志
[I]22:40:28.987 测试日志
[I]22:40:29.006 测试日志
[I]22:40:29.028 测试日志
[I]22:40:29.047 测试日志
[I]22:40:29.068 测试日志
[I]22:40:29.085 测试日志
[I]22:40:29.108 测试日志
[I]22:40:29.126 测试日志
[I]22:40:29.149 测试日志
[I]22:40:29.169 测试日志
[I]22:40:29.186 测试日志
[I]22:40:29.207 测试日志
[I]22:40:29.227 测试日志
[I]22:40:29.247 测试日志
[I]22:40:29.267 测试日志
[I]22:40:29.289 测试日志
[I]22:40:29.308 测试日志
[I]22:40:29.326 测试日志
[I]22:40:29.346 测试日志
[I]22:40:29.367 测试日志
[I]22:40:29.390 测试日志
[I]22:40:29.406 测试日志
[I]22:40:29.427 测试日志
[I]22:40:29.449 测试日志
[I]22:40:29.469 测试日志
[I]22:40:29.487 测试日志
[I]22:40:29.507 测试日志
[I]22:40:29.526 测试日志
[I]22:40:29.546 测试日志
[I]22:40:29.566 测试日志
[I]22:40:29.588 测试日志
[I]22:40:29.608 测试日志
[I]22:40:29.627 测试日志
[I]22:40:29.647 测试日志
[I]22:40:29.668 测试日志
[I]22:40:29.688 测试日志
[I]22:40:29.708 测试日志
[I]22:40:29.728 测试日志
[I]22:40:29.746 测试日志
[I]22:40:29.766 测试日志
[I]22:40:29.789 测试日志
[I]22:40:29.808 测试日志
[I]22:40:29.828 测试日志
[I]22:40:29.847 测试日志
[I]22:40:29.866 测试日志
[I]22:40:29.891 测试日志
[I]22:40:29.906 测试日志
[I]22:40:29.928 测试日志
[I]22:40:29.947 测试日志
[I]22:40:29.967 测试日志
[I]22:40:29.986 测试日志
[I]22:40:30.009 测试日志
[I]22:40:30.027 测试日志
[I]22:40:30.047 测试日志
[I]22:40:30.067 测试日志
[I]22:40:30.087 测试日志
[I]22:40:30.107 测试日志
[I]22:40:30.127 测试日志
[I]22:40:30.148 测试日志
[I]22:40:30.166 测试日志
[I]22:40:30.188 测试日志
[I]22:40:30.208 测试日志
[I]22:40:30.227 测试日志
[I]22:40:30.248 测试日志
[I]22:40:30.268 测试日志
[I]22:40:30.287 测试日志
[I]22:40:30.308 测试日志
[I]22:40:30.327 测试日志
[I]22:40:30.348 测试日志
[I]22:40:30.368 测试日志
[I]22:40:30.391 测试日志
[I]22:40:30.408 测试日志
[I]22:40:30.428 测试日志
[I]22:40:30.447 测试日志
[I]22:40:52.794 测试日志
[I]22:40:52.811 测试日志
[I]22:40:52.831 测试日志
[I]22:40:52.851 测试日志
[I]22:40:52.871 测试日志
[I]22:40:52.891 测试日志
[I]22:40:52.912 测试日志
[I]22:40:52.931 测试日志
[I]22:40:52.949 测试日志
[I]22:40:52.970 测试日志
[I]22:40:52.992 测试日志
[I]22:40:53.011 测试日志
[I]22:40:53.031 测试日志
[I]22:40:53.050 测试日志
[I]22:40:53.073 测试日志
[I]22:40:53.092 测试日志
[I]22:40:53.112 测试日志
[I]22:40:53.130 测试日志
[I]22:40:53.151 测试日志
[I]22:40:53.172 测试日志
[I]22:40:53.191 测试日志
[I]22:40:53.212 测试日志
[I]22:40:53.229 测试日志
[I]22:40:53.251 测试日志
[I]22:40:53.273 测试日志
[I]22:40:53.291 测试日志
[I]22:40:53.311 测试日志
[I]22:40:53.332 测试日志
[I]22:40:53.351 测试日志
[I]22:40:53.370 测试日志
[I]22:40:53.390 测试日志
[I]22:40:53.413 测试日志
[I]22:40:53.432 测试日志
[I]22:40:53.452 测试日志
[I]22:40:53.470 测试日志
[I]22:40:53.491 测试日志
[I]22:40:53.510 测试日志
[I]22:40:53.533 测试日志
[I]22:40:53.552 测试日志
[I]22:40:53.571 测试日志
[I]22:40:53.590 测试日志
[I]22:40:53.612 测试日志
[I]22:40:53.631 测试日志
[I]22:40:53.653 测试日志
[I]22:40:53.672 测试日志
[I]22:40:53.691 测试日志
[I]22:40:53.712 测试日志
[I]22:40:53.732 测试日志
[I]22:40:53.751 测试日志
[I]22:40:53.772 测试日志
[I]22:40:53.791 测试日志
[I]22:40:53.811 测试日志
[I]22:40:53.831 测试日志
[I]22:40:53.850 测试日志
[I]22:40:53.871 测试日志
[I]22:40:53.890 测试日志
[I]22:40:53.912 测试日志
[I]22:40:53.931 测试日志
[I]22:40:53.950 测试日志
[I]22:40:53.972 测试日志
[I]22:40:53.990 测试日志
[I]22:40:54.014 测试日志
[I]22:40:54.031 测试日志
[I]22:40:54.051 测试日志
[I]22:40:54.071 测试日志
[I]22:40:54.091 测试日志
[I]22:40:54.111 测试日志
[I]22:40:54.131 测试日志
[I]22:40:54.152 测试日志
[I]22:40:54.172 测试日志
[I]22:40:54.190 测试日志
[I]22:40:54.212 测试日志
[I]22:40:54.229 测试日志
[I]22:40:54.251 测试日志
[I]22:40:54.271 测试日志
[I]22:40:54.292 测试日志
[I]22:40:54.312 测试日志
[I]22:40:54.331 测试日志
[I]22:40:54.350 测试日志
[I]22:40:54.372 测试日志
[I]22:40:54.392 测试日志
[I]22:40:54.411 测试日志
[I]22:40:54.433 测试日志
[I]22:40:54.452 测试日志
[I]22:40:54.470 测试日志
[I]22:40:54.490 测试日志
[I]22:40:54.511 测试日志
[I]22:40:54.532 测试日志
[I]22:40:54.551 测试日志
[I]22:40:54.571 测试日志
[I]22:40:54.593 测试日志
[I]22:40:54.612 测试日志
[I]22:40:54.632 测试日志
[I]22:40:54.650 测试日志
[I]22:40:54.672 测试日志
[I]22:40:54.691 测试日志
[I]22:40:54.712 测试日志
[I]22:40:54.731 测试日志
[I]22:40:54.751 测试日志
[I]22:40:54.772 测试日志
[I]22:40:54.795 测试日志
[I]22:40:54.812 测试日志
[I]22:40:54.831 测试日志
[I]22:40:54.852 测试日志
[I]22:40:54.870 测试日志
[I]22:40:54.891 测试日志
[I]22:40:54.911 测试日志
[I]22:40:54.930 测试日志
[I]22:40:54.951 测试日志
[I]22:40:54.971 测试日志
