*********************************************************************************************************start
By CHINAMI-JBU9G23
<<<<<<< HEAD
<<<<<<<< HEAD:Assets/StreamingAssets/Log/2024_12_11_22_19_58.log
2024年12月11日  22:19:58
========
2024年12月11日  22:21:24
>>>>>>>> origin/main:Assets/StreamingAssets/Log/2024_12_11_22_21_24.log
=======
<<<<<<<< HEAD:Assets/StreamingAssets/Log/2024_12_16_22_23_05.log
2024年12月16日  22:23:5
========
2024年12月11日  22:19:58
>>>>>>>> parent of 8ac1c9b (新增摄像机跟随和摄像机范围，摄像机抖动事件):Assets/StreamingAssets/Log/2024_12_11_22_19_58.log
>>>>>>> origin/main

操作系统:  Windows 11  (10.0.22621) 64bit
系统内存大小:  32544
设备模型:  MS-7D94 (Micro-Star International Co., Ltd.)
设备唯一标识符:  9f6428c0edde7502a5a7f860e890938052a694a5
处理器数量:  24
处理器类型:  13th Gen Intel(R) Core(TM) i7-13700K
显卡标识符:  9476
显卡名称:  NVIDIA GeForce RTX 3060
显卡标识符:  4318
显卡厂商:  NVIDIA
显卡版本:  Direct3D 11.0 [level 11.1]
显存大小:  12115
显卡着色器级别:  50
是否图像效果:  True
是否支持内置阴影:  True
*********************************************************************************************************end
LogInfo:

<<<<<<< HEAD
<<<<<<<< HEAD:Assets/StreamingAssets/Log/2024_12_11_22_19_58.log
[I]22:19:58.529 Boar
[I]22:19:59.436 切换状态：Chase
========
[I]22:21:24.360 Boar
[I]22:21:25.276 切换状态：Chase
>>>>>>>> origin/main:Assets/StreamingAssets/Log/2024_12_11_22_21_24.log
=======
<<<<<<<< HEAD:Assets/StreamingAssets/Log/2024_12_16_22_23_05.log
[I]22:23:05.178 Boar
[I]22:23:06.017 切换状态：Chase
========
[I]22:19:58.529 Boar
[I]22:19:59.436 切换状态：Chase
>>>>>>>> parent of 8ac1c9b (新增摄像机跟随和摄像机范围，摄像机抖动事件):Assets/StreamingAssets/Log/2024_12_11_22_19_58.log
>>>>>>> origin/main
